-------------------------------------------------------------------------------
Test set: restControllers.PersonTest
-------------------------------------------------------------------------------
Tests run: 1, Failures: 1, Errors: 0, Skipped: 0, Time elapsed: 0.085 sec <<< FAILURE! - in restControllers.PersonTest
savePersonTest(restControllers.PersonTest)  Time elapsed: 0.084 sec  <<< FAILURE!
java.lang.AssertionError: Status expected:<200> but was:<405>
	at restControllers.PersonTest.savePersonTest(PersonTest.java:56)

