-------------------------------------------------------------------------------
Test set: restControllers.PersonTest
-------------------------------------------------------------------------------
Tests run: 1, Failures: 1, Errors: 0, Skipped: 0, Time elapsed: 0.181 sec <<< FAILURE! - in restControllers.PersonTest
savePersonTest(restControllers.PersonTest)  Time elapsed: 0.181 sec  <<< FAILURE!
java.lang.AssertionError: Response status expected:<200> but was:<400>
	at restControllers.PersonTest.savePersonTest(PersonTest.java:61)

